ARM GAS  C:\Users\ilyak\AppData\Local\Temp\ccSZIWCi.s 			page 1


   1              		.cpu cortex-m4
   2              		.arch armv7e-m
   3              		.fpu fpv4-sp-d16
   4              		.eabi_attribute 27, 1
   5              		.eabi_attribute 28, 1
   6              		.eabi_attribute 20, 1
   7              		.eabi_attribute 21, 1
   8              		.eabi_attribute 23, 3
   9              		.eabi_attribute 24, 1
  10              		.eabi_attribute 25, 1
  11              		.eabi_attribute 26, 1
  12              		.eabi_attribute 30, 1
  13              		.eabi_attribute 34, 1
  14              		.eabi_attribute 18, 4
  15              		.file	"main.c"
  16              		.text
  17              	.Ltext0:
  18              		.cfi_sections	.debug_frame
  19              		.file 1 "Core/Src/main.c"
  20              		.section	.text.main,"ax",%progbits
  21              		.align	1
  22              		.global	main
  23              		.syntax unified
  24              		.thumb
  25              		.thumb_func
  27              	main:
  28              	.LFB130:
   1:Core/Src/main.c **** #include "main.h"
   2:Core/Src/main.c **** #include "interupt.h"
   3:Core/Src/main.c **** 
   4:Core/Src/main.c **** // –†–µ–∂–∏–º–∏ –≥–∏—Ä–ª—è–Ω–¥—ã
   5:Core/Src/main.c **** typedef enum {
   6:Core/Src/main.c ****     MODE_1 = 0,   // —Ä–µ–∂–∏–º –ø–µ—Ä–µ–ª–∏—Å—Ç—ã–≤–∞–Ω–∏—è –∞–∫—Ç–∏–≤–Ω–æ–≥–æ —Å–≤–µ—Ç–æ–¥–∏–æ–¥–
   7:Core/Src/main.c ****     MODE_2        // —Ä–µ–∂–∏–º –ø–æ—Å–ª–µ–¥–æ–≤–∞—Ç–µ–ª—å–Ω–æ–≥–æ –≤–∫–ª—é—á–µ–Ω–∏—è + –º–∏–≥–∞–Ω–
   8:Core/Src/main.c **** } modes_t;
   9:Core/Src/main.c **** 
  10:Core/Src/main.c **** static modes_t current_mode = MODE_1;  // —Ç–µ–∫—É—â–∏–π —Ä–µ–∂–∏–º
  11:Core/Src/main.c **** 
  12:Core/Src/main.c **** // –ü–µ—Ä–∏–æ–¥—ã
  13:Core/Src/main.c **** static const uint32_t mode1_periods_ms[3] = {1666U, 769U, 416U};  // 3 —Å–∫–æ—Ä–æ—Å—Ç–∏ –¥–ª—è —Ä–µ
  14:Core/Src/main.c **** static const uint32_t led_toggle_ms[3]   = {2500U, 555U, 333U};  // 3 —á–∞—Å—Ç–æ—Ç—ã –º–∏–≥–∞–Ω–∏—è
  15:Core/Src/main.c **** static uint8_t mode1_freq_index = 0;   // –∏–Ω–¥–µ–∫—Å —Å–∫–æ—Ä–æ—Å—Ç–∏ —Ä–µ–∂–∏–º–∞ 1
  16:Core/Src/main.c **** static uint8_t mode2_freq_index[6] = {0,0,0,0,0,0}; // –∏–Ω–¥–µ–∫—Å—ã —á–∞—Å—Ç–æ—Ç –º–∏–≥–∞–Ω–∏—è –
  17:Core/Src/main.c **** // –î–ª—è —Ä–µ–∂–∏–º–∞ 1
  18:Core/Src/main.c **** static uint8_t r1_active_led = 0;      // —Ç–µ–∫—É—â–∏–π –∞–∫—Ç–∏–≤–Ω—ã–π —Å–≤–µ—Ç–æ–¥–∏–æ–¥
  19:Core/Src/main.c **** static uint32_t r1_last_switch_ms = 0; // –≤—Ä–µ–º—è –ø–æ—Å–ª–µ–¥–Ω–µ–≥–æ –ø–µ—Ä–µ–∫–ª—é—á–µ–Ω–∏—è
  20:Core/Src/main.c **** // –î–ª—è —Ä–µ–∂–∏–º–∞ 2 
  21:Core/Src/main.c **** #define R2_DWELL_MS 3000U   // –∑–∞–¥–µ—Ä–∂–∫–∞ –º–µ–∂–¥—É –ø–æ—Å–ª–µ–¥–æ–≤–∞—Ç–µ–ª—å–Ω—ã–º–∏ –≤–∫–
  22:Core/Src/main.c **** static uint8_t r2_num_on = 0;          // —Å–∫–æ–ª—å–∫–æ —Å–≤–µ—Ç–æ–¥–∏–æ–¥–æ–≤ —É–∂–µ –≤–∫–ª—é—á–µ
  23:Core/Src/main.c **** static uint32_t r2_last_dwell_ms = 0;  // –≤—Ä–µ–º—è –ø–æ—Å–ª–µ–¥–Ω–µ–≥–æ –≤–∫–ª—é—á—ë–Ω–Ω–æ–≥–æ LE
  24:Core/Src/main.c **** // –≤—Ä–µ–º—è –ø–æ—Å–ª–µ–¥–Ω–µ–≥–æ –º–∏–≥–∞—Ç–µ–ª—å–Ω–æ–≥–æ –ø–µ—Ä–µ–∫–ª—é—á–µ–Ω–∏—è –∫–∞–∂–¥–æ–≥–æ
  25:Core/Src/main.c **** static uint32_t r2_last_toggle_ms[6] = {0,0,0,0,0,0};
  26:Core/Src/main.c **** // —Å–æ—Å—Ç–æ—è–Ω–∏–µ –∫–∞–∂–¥–æ–≥–æ LED –≤ –º–∏–≥–∞–Ω–∏–∏: 1 = –≤–∫–ª—é—á—ë–Ω, 0 = –≤—ã–∫–ª—é—á–µ–
  27:Core/Src/main.c **** static uint8_t r2_output_state[6] = {1,1,1,1,1,1};
  28:Core/Src/main.c **** // –≤—ã–±—Ä–∞–Ω–Ω—ã–π –¥–ª—è –∏–∑–º–µ–Ω–µ–Ω–∏—è —á–∞—Å—Ç–æ—Ç—ã LED
  29:Core/Src/main.c **** static uint8_t r2_selected_led = 0;
  30:Core/Src/main.c **** 
ARM GAS  C:\Users\ilyak\AppData\Local\Temp\ccSZIWCi.s 			page 2


  31:Core/Src/main.c **** int main(void)
  32:Core/Src/main.c **** {
  29              		.loc 1 32 1 view -0
  30              		.cfi_startproc
  31              		@ args = 0, pretend = 0, frame = 0
  32              		@ frame_needed = 0, uses_anonymous_args = 0
  33 0000 70B5     		push	{r4, r5, r6, lr}
  34              	.LCFI0:
  35              		.cfi_def_cfa_offset 16
  36              		.cfi_offset 4, -16
  37              		.cfi_offset 5, -12
  38              		.cfi_offset 6, -8
  39              		.cfi_offset 14, -4
  33:Core/Src/main.c ****     GPIO_init_CMSIS ();
  40              		.loc 1 33 5 view .LVU1
  41 0002 FFF7FEFF 		bl	GPIO_init_CMSIS
  42              	.LVL0:
  34:Core/Src/main.c ****     SysTick_Init();
  43              		.loc 1 34 5 view .LVU2
  44 0006 FFF7FEFF 		bl	SysTick_Init
  45              	.LVL1:
  35:Core/Src/main.c ****     ITR_INIT();
  46              		.loc 1 35 5 view .LVU3
  47 000a FFF7FEFF 		bl	ITR_INIT
  48              	.LVL2:
  36:Core/Src/main.c ****     RCC_INIT();
  49              		.loc 1 36 5 view .LVU4
  50 000e FFF7FEFF 		bl	RCC_INIT
  51              	.LVL3:
  37:Core/Src/main.c ****     LED_AllOff(); // –≥–∞—Å–∏–º –≤—Å–µ LED
  52              		.loc 1 37 5 view .LVU5
  53 0012 FFF7FEFF 		bl	LED_AllOff
  54              	.LVL4:
  38:Core/Src/main.c ****     // –ù–∞—á–∞–ª—å–Ω–∞—è –∏–Ω–∏—Ü–∏–∞–ª–∏–∑–∞—Ü–∏—è —Ä–µ–∂–∏–º–æ–≤
  39:Core/Src/main.c ****     r1_last_switch_ms = system_time_ms;
  55              		.loc 1 39 5 view .LVU6
  56              		.loc 1 39 23 is_stmt 0 view .LVU7
  57 0016 7E4B     		ldr	r3, .L25
  58 0018 1968     		ldr	r1, [r3]
  59 001a 7E4A     		ldr	r2, .L25+4
  60 001c 1160     		str	r1, [r2]
  40:Core/Src/main.c ****     r2_last_dwell_ms = system_time_ms;
  61              		.loc 1 40 5 is_stmt 1 view .LVU8
  62              		.loc 1 40 22 is_stmt 0 view .LVU9
  63 001e 1A68     		ldr	r2, [r3]
  64 0020 7D4B     		ldr	r3, .L25+8
  65 0022 1A60     		str	r2, [r3]
  41:Core/Src/main.c ****     for(uint8_t i=0; i<6; i++)
  66              		.loc 1 41 5 is_stmt 1 view .LVU10
  67              	.LBB2:
  68              		.loc 1 41 9 view .LVU11
  69              	.LVL5:
  70              		.loc 1 41 17 is_stmt 0 view .LVU12
  71 0024 0023     		movs	r3, #0
  72              		.loc 1 41 5 view .LVU13
  73 0026 06E0     		b	.L2
  74              	.LVL6:
ARM GAS  C:\Users\ilyak\AppData\Local\Temp\ccSZIWCi.s 			page 3


  75              	.L3:
  42:Core/Src/main.c ****     {
  43:Core/Src/main.c ****         r2_last_toggle_ms[i] = system_time_ms;
  76              		.loc 1 43 9 is_stmt 1 view .LVU14
  77              		.loc 1 43 30 is_stmt 0 view .LVU15
  78 0028 794A     		ldr	r2, .L25
  79 002a 1168     		ldr	r1, [r2]
  80 002c 7B4A     		ldr	r2, .L25+12
  81 002e 42F82310 		str	r1, [r2, r3, lsl #2]
  41:Core/Src/main.c ****     for(uint8_t i=0; i<6; i++)
  82              		.loc 1 41 28 is_stmt 1 discriminator 3 view .LVU16
  83 0032 0133     		adds	r3, r3, #1
  84              	.LVL7:
  41:Core/Src/main.c ****     for(uint8_t i=0; i<6; i++)
  85              		.loc 1 41 28 is_stmt 0 discriminator 3 view .LVU17
  86 0034 DBB2     		uxtb	r3, r3
  87              	.LVL8:
  88              	.L2:
  41:Core/Src/main.c ****     for(uint8_t i=0; i<6; i++)
  89              		.loc 1 41 23 is_stmt 1 discriminator 1 view .LVU18
  90 0036 052B     		cmp	r3, #5
  91 0038 F6D9     		bls	.L3
  92              	.LBE2:
  44:Core/Src/main.c ****     }
  45:Core/Src/main.c ****     r1_active_led = 0;             // –ø–µ—Ä–≤—ã–π –∞–∫—Ç–∏–≤–Ω—ã–π –¥–∏–æ–¥ —Ä–µ–∂–∏–º–∞ 1
  93              		.loc 1 45 5 view .LVU19
  94              		.loc 1 45 19 is_stmt 0 view .LVU20
  95 003a 0020     		movs	r0, #0
  96 003c 784B     		ldr	r3, .L25+16
  97              	.LVL9:
  98              		.loc 1 45 19 view .LVU21
  99 003e 1870     		strb	r0, [r3]
  46:Core/Src/main.c ****     LED_SetActive(r1_active_led);  // –∑–∞–∂–µ—á—å –∞–∫—Ç–∏–≤–Ω—ã–π
 100              		.loc 1 46 5 is_stmt 1 view .LVU22
 101 0040 FFF7FEFF 		bl	LED_SetActive
 102              	.LVL10:
 103 0044 7AE0     		b	.L4
 104              	.L23:
  47:Core/Src/main.c **** 
  48:Core/Src/main.c ****     while(1)
  49:Core/Src/main.c ****     {
  50:Core/Src/main.c ****         // –ø–µ—Ä–µ–∫–ª—é—á–µ–Ω–∏–µ —Ä–µ–∂–∏–º–∞ –ø–æ –∫–Ω–æ–ø–∫–µ PC0
  51:Core/Src/main.c ****         if(button1_pressed_flag)
  52:Core/Src/main.c ****         {
  53:Core/Src/main.c ****             button1_pressed_flag = 0; // —Å–±—Ä–æ—Å —Ñ–ª–∞–≥–∞
 105              		.loc 1 53 13 view .LVU23
 106              		.loc 1 53 34 is_stmt 0 view .LVU24
 107 0046 0024     		movs	r4, #0
 108 0048 764B     		ldr	r3, .L25+20
 109 004a 1C70     		strb	r4, [r3]
  54:Core/Src/main.c ****             // –ø–µ—Ä–µ–∫–ª—é—á–∞–µ–º MODE_1 <-> MODE_2
  55:Core/Src/main.c ****             current_mode = (current_mode == MODE_1) ? MODE_2 : MODE_1;
 110              		.loc 1 55 13 is_stmt 1 view .LVU25
 111              		.loc 1 55 62 is_stmt 0 view .LVU26
 112 004c 764A     		ldr	r2, .L25+24
 113 004e 1378     		ldrb	r3, [r2]	@ zero_extendqisi2
 114 0050 B3FA83F3 		clz	r3, r3
ARM GAS  C:\Users\ilyak\AppData\Local\Temp\ccSZIWCi.s 			page 4


 115 0054 5B09     		lsrs	r3, r3, #5
 116              		.loc 1 55 26 view .LVU27
 117 0056 1370     		strb	r3, [r2]
  56:Core/Src/main.c ****             LED_AllOff();  // –ø—Ä–∏ —Å–º–µ–Ω–µ —Ä–µ–∂–∏–º–∞ –≤—Å—ë –≥–∞—Å–∏–º
 118              		.loc 1 56 13 is_stmt 1 view .LVU28
 119 0058 FFF7FEFF 		bl	LED_AllOff
 120              	.LVL11:
  57:Core/Src/main.c ****             // —Å–±—Ä–æ—Å —Ä–µ–∂–∏–º–∞ 1
  58:Core/Src/main.c ****             r1_active_led = 0;
 121              		.loc 1 58 13 view .LVU29
 122              		.loc 1 58 27 is_stmt 0 view .LVU30
 123 005c 704B     		ldr	r3, .L25+16
 124 005e 1C70     		strb	r4, [r3]
  59:Core/Src/main.c ****             r1_last_switch_ms = system_time_ms;
 125              		.loc 1 59 13 is_stmt 1 view .LVU31
 126              		.loc 1 59 31 is_stmt 0 view .LVU32
 127 0060 6B4D     		ldr	r5, .L25
 128 0062 2A68     		ldr	r2, [r5]
 129 0064 6B4B     		ldr	r3, .L25+4
 130 0066 1A60     		str	r2, [r3]
  60:Core/Src/main.c ****             LED_SetActive(r1_active_led);
 131              		.loc 1 60 13 is_stmt 1 view .LVU33
 132 0068 2046     		mov	r0, r4
 133 006a FFF7FEFF 		bl	LED_SetActive
 134              	.LVL12:
  61:Core/Src/main.c ****             // —Å–±—Ä–æ—Å —Ä–µ–∂–∏–º–∞ 2
  62:Core/Src/main.c ****             LED_AllOff(); // –Ω–∞ —Å–ª—É—á–∞–π –ø–µ—Ä–µ—Ö–æ–¥–∞ –∏–∑ —Ä–µ–∂–∏–º–∞ 2
 135              		.loc 1 62 13 view .LVU34
 136 006e FFF7FEFF 		bl	LED_AllOff
 137              	.LVL13:
  63:Core/Src/main.c ****             // —Å—Ä–∞–∑—É –≤–∫–ª—é—á–∞–µ–º –ø–µ—Ä–≤—ã–π LED
  64:Core/Src/main.c ****             LED_On_Index(0);
 138              		.loc 1 64 13 view .LVU35
 139 0072 2046     		mov	r0, r4
 140 0074 FFF7FEFF 		bl	LED_On_Index
 141              	.LVL14:
  65:Core/Src/main.c ****             r2_num_on = 1;                // —É–∂–µ –æ–¥–∏–Ω –≤–∫–ª—é—á—ë–Ω
 142              		.loc 1 65 13 view .LVU36
 143              		.loc 1 65 23 is_stmt 0 view .LVU37
 144 0078 6C4B     		ldr	r3, .L25+28
 145 007a 0122     		movs	r2, #1
 146 007c 1A70     		strb	r2, [r3]
  66:Core/Src/main.c ****             r2_last_dwell_ms = system_time_ms;
 147              		.loc 1 66 13 is_stmt 1 view .LVU38
 148              		.loc 1 66 30 is_stmt 0 view .LVU39
 149 007e 2A68     		ldr	r2, [r5]
 150 0080 654B     		ldr	r3, .L25+8
 151 0082 1A60     		str	r2, [r3]
  67:Core/Src/main.c ****             // —Å–±—Ä–æ—Å —Ç–∞–±–ª–∏—Ü —Å–æ—Å—Ç–æ—è–Ω–∏–π —Å–≤–µ—Ç–æ–¥–∏–æ–¥–æ–≤
  68:Core/Src/main.c ****             for(uint8_t i=0; i<6; i++){
 152              		.loc 1 68 13 is_stmt 1 view .LVU40
 153              	.LBB3:
 154              		.loc 1 68 17 view .LVU41
 155              	.LVL15:
 156              		.loc 1 68 25 is_stmt 0 view .LVU42
 157 0084 2046     		mov	r0, r4
 158              		.loc 1 68 13 view .LVU43
ARM GAS  C:\Users\ilyak\AppData\Local\Temp\ccSZIWCi.s 			page 5


 159 0086 0CE0     		b	.L6
 160              	.LVL16:
 161              	.L7:
  69:Core/Src/main.c ****                 r2_last_toggle_ms[i] = system_time_ms;
 162              		.loc 1 69 17 is_stmt 1 view .LVU44
 163              		.loc 1 69 38 is_stmt 0 view .LVU45
 164 0088 614B     		ldr	r3, .L25
 165 008a 1A68     		ldr	r2, [r3]
 166 008c 634B     		ldr	r3, .L25+12
 167 008e 43F82020 		str	r2, [r3, r0, lsl #2]
  70:Core/Src/main.c ****                 r2_output_state[i]   = 1;
 168              		.loc 1 70 17 is_stmt 1 view .LVU46
 169              		.loc 1 70 38 is_stmt 0 view .LVU47
 170 0092 674B     		ldr	r3, .L25+32
 171 0094 0122     		movs	r2, #1
 172 0096 1A54     		strb	r2, [r3, r0]
  71:Core/Src/main.c ****                 mode2_freq_index[i]  = 0;
 173              		.loc 1 71 17 is_stmt 1 view .LVU48
 174              		.loc 1 71 38 is_stmt 0 view .LVU49
 175 0098 664B     		ldr	r3, .L25+36
 176 009a 0022     		movs	r2, #0
 177 009c 1A54     		strb	r2, [r3, r0]
  68:Core/Src/main.c ****                 r2_last_toggle_ms[i] = system_time_ms;
 178              		.loc 1 68 36 is_stmt 1 discriminator 3 view .LVU50
 179 009e 0130     		adds	r0, r0, #1
 180              	.LVL17:
  68:Core/Src/main.c ****                 r2_last_toggle_ms[i] = system_time_ms;
 181              		.loc 1 68 36 is_stmt 0 discriminator 3 view .LVU51
 182 00a0 C0B2     		uxtb	r0, r0
 183              	.LVL18:
 184              	.L6:
  68:Core/Src/main.c ****                 r2_last_toggle_ms[i] = system_time_ms;
 185              		.loc 1 68 31 is_stmt 1 discriminator 1 view .LVU52
 186 00a2 0528     		cmp	r0, #5
 187 00a4 F0D9     		bls	.L7
 188              	.LBE3:
  72:Core/Src/main.c ****             }
  73:Core/Src/main.c ****             r2_selected_led = 0;  // –ø–µ—Ä–≤—ã–π —Å–≤–µ—Ç–æ–¥–∏–æ–¥ –≤—ã–±—Ä–∞–Ω –ø–æ —É–º–æ–ª—á–∞
 189              		.loc 1 73 13 view .LVU53
 190              		.loc 1 73 29 is_stmt 0 view .LVU54
 191 00a6 644B     		ldr	r3, .L25+40
 192 00a8 0022     		movs	r2, #0
 193 00aa 1A70     		strb	r2, [r3]
 194 00ac 4AE0     		b	.L5
 195              	.LVL19:
 196              	.L24:
 197              	.LBB4:
  74:Core/Src/main.c ****         }
  75:Core/Src/main.c **** 
  76:Core/Src/main.c ****         // –†–µ–∂–∏–º 2
  77:Core/Src/main.c ****         if(current_mode == MODE_1)
  78:Core/Src/main.c ****         {
  79:Core/Src/main.c ****             uint32_t now = system_time_ms;
  80:Core/Src/main.c ****             uint32_t period = mode1_periods_ms[mode1_freq_index]; // —Ç–µ–∫—É—â–∏–π –ø–µ—Ä–∏–æ–¥
  81:Core/Src/main.c ****             // –ø—Ä–∏—à–ª–æ –≤—Ä–µ–º—è –ø–µ—Ä–µ–∫–ª—é—á–∞—Ç—å –∞–∫—Ç–∏–≤–Ω—ã–π —Å–≤–µ—Ç–æ–¥–∏–æ–¥?
  82:Core/Src/main.c ****             if(now - r1_last_switch_ms >= period)
  83:Core/Src/main.c ****             {
ARM GAS  C:\Users\ilyak\AppData\Local\Temp\ccSZIWCi.s 			page 6


  84:Core/Src/main.c ****                 r1_last_switch_ms = now;
 198              		.loc 1 84 17 is_stmt 1 view .LVU55
 199              		.loc 1 84 35 is_stmt 0 view .LVU56
 200 00ae 594B     		ldr	r3, .L25+4
 201 00b0 1A60     		str	r2, [r3]
  85:Core/Src/main.c ****                 // —Å–ª–µ–¥—É—é—â–∏–π –¥–∏–æ–¥ –∏–∑ 6
  86:Core/Src/main.c ****                 r1_active_led = (r1_active_led+1U) % 6U;
 202              		.loc 1 86 17 is_stmt 1 view .LVU57
 203              		.loc 1 86 47 is_stmt 0 view .LVU58
 204 00b2 5B4A     		ldr	r2, .L25+16
 205              	.LVL20:
 206              		.loc 1 86 47 view .LVU59
 207 00b4 1378     		ldrb	r3, [r2]	@ zero_extendqisi2
 208              		.loc 1 86 47 view .LVU60
 209 00b6 0133     		adds	r3, r3, #1
 210              		.loc 1 86 52 view .LVU61
 211 00b8 6048     		ldr	r0, .L25+44
 212 00ba A0FB0310 		umull	r1, r0, r0, r3
 213              	.LVL21:
 214              		.loc 1 86 52 view .LVU62
 215 00be 8008     		lsrs	r0, r0, #2
 216 00c0 00EB4000 		add	r0, r0, r0, lsl #1
 217 00c4 4100     		lsls	r1, r0, #1
 218 00c6 581A     		subs	r0, r3, r1
 219              		.loc 1 86 31 view .LVU63
 220 00c8 C0B2     		uxtb	r0, r0
 221 00ca 1070     		strb	r0, [r2]
  87:Core/Src/main.c ****                 LED_SetActive(r1_active_led);
 222              		.loc 1 87 17 is_stmt 1 view .LVU64
 223 00cc FFF7FEFF 		bl	LED_SetActive
 224              	.LVL22:
 225              		.loc 1 87 17 is_stmt 0 view .LVU65
 226 00d0 48E0     		b	.L9
 227              	.LVL23:
 228              	.L8:
 229              		.loc 1 87 17 view .LVU66
 230              	.LBE4:
 231              	.LBB5:
  88:Core/Src/main.c ****             }
  89:Core/Src/main.c ****             // –∫–Ω–æ–ø–∫–∞ –º–µ–Ω—è–µ—Ç —Å–∫–æ—Ä–æ—Å—Ç—å
  90:Core/Src/main.c ****             if(button2_press_event_flag)
  91:Core/Src/main.c ****             {
  92:Core/Src/main.c ****                 button2_press_event_flag = 0;
  93:Core/Src/main.c ****                 mode1_freq_index = (mode1_freq_index+1U) % 3U;
  94:Core/Src/main.c ****             }
  95:Core/Src/main.c ****         }
  96:Core/Src/main.c ****         // –≤—Å–µ —Ç–∞–∫–∂–µ –¥–ª—è —Ä–µ–∂–∏–º–∞ 2
  97:Core/Src/main.c ****         else
  98:Core/Src/main.c ****         {
  99:Core/Src/main.c ****             uint32_t now = system_time_ms;
 232              		.loc 1 99 13 is_stmt 1 view .LVU67
 233              		.loc 1 99 22 is_stmt 0 view .LVU68
 234 00d2 4F4B     		ldr	r3, .L25
 235 00d4 1D68     		ldr	r5, [r3]
 236              	.LVL24:
 100:Core/Src/main.c ****             /* –ü–æ—Å–ª–µ–¥–æ–≤–∞—Ç–µ–ª—å–Ω–æ–µ –≤–∫–ª—é—á–µ–Ω–∏–µ LED */
 101:Core/Src/main.c ****             if (r2_num_on < 6U)
ARM GAS  C:\Users\ilyak\AppData\Local\Temp\ccSZIWCi.s 			page 7


 237              		.loc 1 101 13 is_stmt 1 view .LVU69
 238              		.loc 1 101 27 is_stmt 0 view .LVU70
 239 00d6 554B     		ldr	r3, .L25+28
 240 00d8 1878     		ldrb	r0, [r3]	@ zero_extendqisi2
 241              		.loc 1 101 16 view .LVU71
 242 00da 0528     		cmp	r0, #5
 243 00dc 00F29580 		bhi	.L19
 102:Core/Src/main.c ****             {
 103:Core/Src/main.c ****                 // –ø—Ä–æ—à–ª–æ 3 —Å–µ–∫—É–Ω–¥—ã ‚Äî –≤–∫–ª—é—á–∞–µ–º —Å–ª–µ–¥—É—é—â–∏–π —Å–≤–µ—Ç–æ
 104:Core/Src/main.c ****                 if (now - r2_last_dwell_ms >= R2_DWELL_MS)
 244              		.loc 1 104 17 is_stmt 1 view .LVU72
 245              		.loc 1 104 25 is_stmt 0 view .LVU73
 246 00e0 4D4B     		ldr	r3, .L25+8
 247 00e2 1B68     		ldr	r3, [r3]
 248 00e4 EB1A     		subs	r3, r5, r3
 249              		.loc 1 104 20 view .LVU74
 250 00e6 40F6B732 		movw	r2, #2999
 251 00ea 9342     		cmp	r3, r2
 252 00ec 4FD8     		bhi	.L22
 253              	.L12:
 105:Core/Src/main.c ****                 {
 106:Core/Src/main.c ****                     LED_On_Index(r2_num_on);
 107:Core/Src/main.c ****                     r2_num_on++;
 108:Core/Src/main.c ****                     r2_last_dwell_ms = now;
 109:Core/Src/main.c ****                     // –µ—Å–ª–∏ –≤–∫–ª—é—á–∏–ª–∏ –≤—Å–µ 6, –∏–Ω–∏—Ü–∏–∞–ª–∏–∑–∏—Ä—É–µ–º —Ñ–∞–∑—É –º
 110:Core/Src/main.c ****                     if (r2_num_on == 6U)
 111:Core/Src/main.c ****                     {
 112:Core/Src/main.c ****                         for(uint8_t i=0;i<6;i++){
 113:Core/Src/main.c ****                             r2_last_toggle_ms[i] = now;
 114:Core/Src/main.c ****                             r2_output_state[i] = 1;
 115:Core/Src/main.c ****                             mode2_freq_index[i] = 0;
 116:Core/Src/main.c ****                         }
 117:Core/Src/main.c ****                     }
 118:Core/Src/main.c ****                 }
 119:Core/Src/main.c ****             }
 120:Core/Src/main.c ****             //–º–∏–≥–∞–Ω–∏–µ –≤—Å–µ–º–∏ –≤–∫–ª—é—á—ë–Ω–Ω—ã–º–∏ LED
 121:Core/Src/main.c ****             else
 122:Core/Src/main.c ****             {
 123:Core/Src/main.c ****                 for (uint8_t i = 0; i < 6; i++)
 124:Core/Src/main.c ****                 {
 125:Core/Src/main.c ****                     uint32_t interval = led_toggle_ms[mode2_freq_index[i]];
 126:Core/Src/main.c ****                     // –í—Ä–µ–º—è –¥–ª—è –ø–µ—Ä–µ–∫–ª—é—á–µ–Ω–∏—è —Å–æ—Å—Ç–æ—è–Ω–∏—è?
 127:Core/Src/main.c ****                     if (now - r2_last_toggle_ms[i] >= interval)
 128:Core/Src/main.c ****                     {
 129:Core/Src/main.c ****                         r2_last_toggle_ms[i] = now;
 130:Core/Src/main.c ****                         if (r2_output_state[i])
 131:Core/Src/main.c ****                         {
 132:Core/Src/main.c ****                             LED_Off_Index(i);
 133:Core/Src/main.c ****                             r2_output_state[i] = 0;
 134:Core/Src/main.c ****                         }
 135:Core/Src/main.c ****                         else
 136:Core/Src/main.c ****                         {
 137:Core/Src/main.c ****                             LED_On_Index(i);
 138:Core/Src/main.c ****                             r2_output_state[i] = 1;
 139:Core/Src/main.c ****                         }
 140:Core/Src/main.c ****                     }
 141:Core/Src/main.c ****                 }
ARM GAS  C:\Users\ilyak\AppData\Local\Temp\ccSZIWCi.s 			page 8


 142:Core/Src/main.c ****             }
 143:Core/Src/main.c ****             // –ò–∑–º–µ–Ω–µ–Ω–∏–µ —á–∞—Å—Ç–æ—Ç—ã –º–µ—Ä—Ü–∞–Ω–∏—è –ø–æ –∫–Ω–æ–ø–∫–µ PF5
 144:Core/Src/main.c ****             if (button2_press_event_flag)
 254              		.loc 1 144 13 is_stmt 1 view .LVU75
 255              		.loc 1 144 17 is_stmt 0 view .LVU76
 256 00ee 544B     		ldr	r3, .L25+48
 257 00f0 1B78     		ldrb	r3, [r3]	@ zero_extendqisi2
 258              		.loc 1 144 16 view .LVU77
 259 00f2 8BB1     		cbz	r3, .L18
 145:Core/Src/main.c ****             {
 146:Core/Src/main.c ****                 button2_press_event_flag = 0;
 260              		.loc 1 146 17 is_stmt 1 view .LVU78
 261              		.loc 1 146 42 is_stmt 0 view .LVU79
 262 00f4 524B     		ldr	r3, .L25+48
 263 00f6 0022     		movs	r2, #0
 264 00f8 1A70     		strb	r2, [r3]
 147:Core/Src/main.c ****                 // –£ –≤—ã–±—Ä–∞–Ω–Ω–æ–≥–æ LED –ø–µ—Ä–µ–∫–ª—é—á–∞–µ–º —á–∞—Å—Ç–æ—Ç—É 
 148:Core/Src/main.c ****                 mode2_freq_index[r2_selected_led] = (mode2_freq_index[r2_selected_led] + 1U) % 3U;
 265              		.loc 1 148 17 is_stmt 1 view .LVU80
 266              		.loc 1 148 70 is_stmt 0 view .LVU81
 267 00fa 4F4B     		ldr	r3, .L25+40
 268 00fc 1878     		ldrb	r0, [r3]	@ zero_extendqisi2
 269 00fe 4D4C     		ldr	r4, .L25+36
 270 0100 235C     		ldrb	r3, [r4, r0]	@ zero_extendqisi2
 271              		.loc 1 148 88 view .LVU82
 272 0102 0133     		adds	r3, r3, #1
 273              		.loc 1 148 94 view .LVU83
 274 0104 A2F15532 		sub	r2, r2, #1431655765
 275 0108 A2FB0312 		umull	r1, r2, r2, r3
 276 010c 02F4FF71 		and	r1, r2, #510
 277 0110 01EB5202 		add	r2, r1, r2, lsr #1
 278 0114 9B1A     		subs	r3, r3, r2
 279              		.loc 1 148 51 view .LVU84
 280 0116 2354     		strb	r3, [r4, r0]
 281              	.L18:
 149:Core/Src/main.c ****             }
 150:Core/Src/main.c ****             // –í—ã–±–æ—Ä –∞–∫—Ç–∏–≤–Ω–æ–≥–æ LED –¥–ª—è –∏–∑–º–µ–Ω–µ–Ω–∏—è —á–∞—Å—Ç–æ—Ç—ã –ø–æ –∫–Ω
 151:Core/Src/main.c ****             if (button3_press_event_flag)
 282              		.loc 1 151 13 is_stmt 1 view .LVU85
 283              		.loc 1 151 17 is_stmt 0 view .LVU86
 284 0118 4A4B     		ldr	r3, .L25+52
 285 011a 1B78     		ldrb	r3, [r3]	@ zero_extendqisi2
 286              		.loc 1 151 16 view .LVU87
 287 011c 73B1     		cbz	r3, .L4
 152:Core/Src/main.c ****             {
 153:Core/Src/main.c ****                 button3_press_event_flag = 0;
 288              		.loc 1 153 17 is_stmt 1 view .LVU88
 289              		.loc 1 153 42 is_stmt 0 view .LVU89
 290 011e 494B     		ldr	r3, .L25+52
 291 0120 0022     		movs	r2, #0
 292 0122 1A70     		strb	r2, [r3]
 154:Core/Src/main.c ****                 // –¶–∏–∫–ª–∏—á–µ—Å–∫–∏–π –≤—ã–±–æ—Ä LED: 0‚Äì5
 155:Core/Src/main.c ****                 r2_selected_led = (r2_selected_led + 1U) % 6U;
 293              		.loc 1 155 17 is_stmt 1 view .LVU90
 294              		.loc 1 155 52 is_stmt 0 view .LVU91
 295 0124 4449     		ldr	r1, .L25+40
 296 0126 0A78     		ldrb	r2, [r1]	@ zero_extendqisi2
ARM GAS  C:\Users\ilyak\AppData\Local\Temp\ccSZIWCi.s 			page 9


 297 0128 0132     		adds	r2, r2, #1
 298              		.loc 1 155 58 view .LVU92
 299 012a 444B     		ldr	r3, .L25+44
 300 012c A3FB0203 		umull	r0, r3, r3, r2
 301 0130 9B08     		lsrs	r3, r3, #2
 302 0132 03EB4303 		add	r3, r3, r3, lsl #1
 303 0136 5800     		lsls	r0, r3, #1
 304 0138 131A     		subs	r3, r2, r0
 305              		.loc 1 155 33 view .LVU93
 306 013a 0B70     		strb	r3, [r1]
 307              	.LVL25:
 308              	.L4:
 309              		.loc 1 155 33 view .LVU94
 310              	.LBE5:
  48:Core/Src/main.c ****     {
 311              		.loc 1 48 5 is_stmt 1 view .LVU95
  51:Core/Src/main.c ****         {
 312              		.loc 1 51 9 view .LVU96
  51:Core/Src/main.c ****         {
 313              		.loc 1 51 12 is_stmt 0 view .LVU97
 314 013c 394B     		ldr	r3, .L25+20
 315 013e 1B78     		ldrb	r3, [r3]	@ zero_extendqisi2
  51:Core/Src/main.c ****         {
 316              		.loc 1 51 11 view .LVU98
 317 0140 002B     		cmp	r3, #0
 318 0142 80D1     		bne	.L23
 319              	.L5:
  77:Core/Src/main.c ****         {
 320              		.loc 1 77 9 is_stmt 1 view .LVU99
  77:Core/Src/main.c ****         {
 321              		.loc 1 77 25 is_stmt 0 view .LVU100
 322 0144 384B     		ldr	r3, .L25+24
 323 0146 1B78     		ldrb	r3, [r3]	@ zero_extendqisi2
  77:Core/Src/main.c ****         {
 324              		.loc 1 77 11 view .LVU101
 325 0148 002B     		cmp	r3, #0
 326 014a C2D1     		bne	.L8
 327              	.LBB10:
  79:Core/Src/main.c ****             uint32_t period = mode1_periods_ms[mode1_freq_index]; // —Ç–µ–∫—É—â–∏–π –ø–µ—Ä–∏–æ–¥
 328              		.loc 1 79 13 is_stmt 1 view .LVU102
  79:Core/Src/main.c ****             uint32_t period = mode1_periods_ms[mode1_freq_index]; // —Ç–µ–∫—É—â–∏–π –ø–µ—Ä–∏–æ–¥
 329              		.loc 1 79 22 is_stmt 0 view .LVU103
 330 014c 304B     		ldr	r3, .L25
 331 014e 1A68     		ldr	r2, [r3]
 332              	.LVL26:
  80:Core/Src/main.c ****             // –ø—Ä–∏—à–ª–æ –≤—Ä–µ–º—è –ø–µ—Ä–µ–∫–ª—é—á–∞—Ç—å –∞–∫—Ç–∏–≤–Ω—ã–π —Å–≤–µ—Ç–æ–¥–∏–æ–¥?
 333              		.loc 1 80 13 is_stmt 1 view .LVU104
  80:Core/Src/main.c ****             // –ø—Ä–∏—à–ª–æ –≤—Ä–µ–º—è –ø–µ—Ä–µ–∫–ª—é—á–∞—Ç—å –∞–∫—Ç–∏–≤–Ω—ã–π —Å–≤–µ—Ç–æ–¥–∏–æ–¥?
 334              		.loc 1 80 47 is_stmt 0 view .LVU105
 335 0150 3D4B     		ldr	r3, .L25+56
 336 0152 1978     		ldrb	r1, [r3]	@ zero_extendqisi2
  80:Core/Src/main.c ****             // –ø—Ä–∏—à–ª–æ –≤—Ä–µ–º—è –ø–µ—Ä–µ–∫–ª—é—á–∞—Ç—å –∞–∫—Ç–∏–≤–Ω—ã–π —Å–≤–µ—Ç–æ–¥–∏–æ–¥?
 337              		.loc 1 80 22 view .LVU106
 338 0154 3D4B     		ldr	r3, .L25+60
 339 0156 53F82110 		ldr	r1, [r3, r1, lsl #2]
 340              	.LVL27:
  82:Core/Src/main.c ****             {
ARM GAS  C:\Users\ilyak\AppData\Local\Temp\ccSZIWCi.s 			page 10


 341              		.loc 1 82 13 is_stmt 1 view .LVU107
  82:Core/Src/main.c ****             {
 342              		.loc 1 82 20 is_stmt 0 view .LVU108
 343 015a 2E4B     		ldr	r3, .L25+4
 344 015c 1B68     		ldr	r3, [r3]
 345 015e D31A     		subs	r3, r2, r3
  82:Core/Src/main.c ****             {
 346              		.loc 1 82 15 view .LVU109
 347 0160 8B42     		cmp	r3, r1
 348 0162 A4D2     		bcs	.L24
 349              	.LVL28:
 350              	.L9:
  90:Core/Src/main.c ****             {
 351              		.loc 1 90 13 is_stmt 1 view .LVU110
  90:Core/Src/main.c ****             {
 352              		.loc 1 90 16 is_stmt 0 view .LVU111
 353 0164 364B     		ldr	r3, .L25+48
 354 0166 1B78     		ldrb	r3, [r3]	@ zero_extendqisi2
  90:Core/Src/main.c ****             {
 355              		.loc 1 90 15 view .LVU112
 356 0168 002B     		cmp	r3, #0
 357 016a E7D0     		beq	.L4
  92:Core/Src/main.c ****                 mode1_freq_index = (mode1_freq_index+1U) % 3U;
 358              		.loc 1 92 17 is_stmt 1 view .LVU113
  92:Core/Src/main.c ****                 mode1_freq_index = (mode1_freq_index+1U) % 3U;
 359              		.loc 1 92 42 is_stmt 0 view .LVU114
 360 016c 344B     		ldr	r3, .L25+48
 361 016e 0022     		movs	r2, #0
 362 0170 1A70     		strb	r2, [r3]
  93:Core/Src/main.c ****             }
 363              		.loc 1 93 17 is_stmt 1 view .LVU115
  93:Core/Src/main.c ****             }
 364              		.loc 1 93 53 is_stmt 0 view .LVU116
 365 0172 3548     		ldr	r0, .L25+56
 366 0174 0378     		ldrb	r3, [r0]	@ zero_extendqisi2
 367 0176 0133     		adds	r3, r3, #1
  93:Core/Src/main.c ****             }
 368              		.loc 1 93 58 view .LVU117
 369 0178 A2F15532 		sub	r2, r2, #1431655765
 370 017c A2FB0312 		umull	r1, r2, r2, r3
 371 0180 02F4FF71 		and	r1, r2, #510
 372 0184 01EB5202 		add	r2, r1, r2, lsr #1
 373 0188 9B1A     		subs	r3, r3, r2
  93:Core/Src/main.c ****             }
 374              		.loc 1 93 34 view .LVU118
 375 018a 0370     		strb	r3, [r0]
 376 018c D6E7     		b	.L4
 377              	.LVL29:
 378              	.L22:
  93:Core/Src/main.c ****             }
 379              		.loc 1 93 34 view .LVU119
 380              	.LBE10:
 381              	.LBB11:
 106:Core/Src/main.c ****                     r2_num_on++;
 382              		.loc 1 106 21 is_stmt 1 view .LVU120
 383 018e FFF7FEFF 		bl	LED_On_Index
 384              	.LVL30:
ARM GAS  C:\Users\ilyak\AppData\Local\Temp\ccSZIWCi.s 			page 11


 107:Core/Src/main.c ****                     r2_last_dwell_ms = now;
 385              		.loc 1 107 21 view .LVU121
 107:Core/Src/main.c ****                     r2_last_dwell_ms = now;
 386              		.loc 1 107 30 is_stmt 0 view .LVU122
 387 0192 264A     		ldr	r2, .L25+28
 388 0194 1378     		ldrb	r3, [r2]	@ zero_extendqisi2
 389 0196 0133     		adds	r3, r3, #1
 390 0198 DBB2     		uxtb	r3, r3
 391 019a 1370     		strb	r3, [r2]
 108:Core/Src/main.c ****                     // –µ—Å–ª–∏ –≤–∫–ª—é—á–∏–ª–∏ –≤—Å–µ 6, –∏–Ω–∏—Ü–∏–∞–ª–∏–∑–∏—Ä—É–µ–º —Ñ–∞–∑—É –º
 392              		.loc 1 108 21 is_stmt 1 view .LVU123
 108:Core/Src/main.c ****                     // –µ—Å–ª–∏ –≤–∫–ª—é—á–∏–ª–∏ –≤—Å–µ 6, –∏–Ω–∏—Ü–∏–∞–ª–∏–∑–∏—Ä—É–µ–º —Ñ–∞–∑—É –º
 393              		.loc 1 108 38 is_stmt 0 view .LVU124
 394 019c 1E4A     		ldr	r2, .L25+8
 395 019e 1560     		str	r5, [r2]
 110:Core/Src/main.c ****                     {
 396              		.loc 1 110 21 is_stmt 1 view .LVU125
 110:Core/Src/main.c ****                     {
 397              		.loc 1 110 24 is_stmt 0 view .LVU126
 398 01a0 062B     		cmp	r3, #6
 399 01a2 A4D1     		bne	.L12
 400              	.LBB6:
 112:Core/Src/main.c ****                             r2_last_toggle_ms[i] = now;
 401              		.loc 1 112 37 view .LVU127
 402 01a4 0023     		movs	r3, #0
 403 01a6 0AE0     		b	.L13
 404              	.LVL31:
 405              	.L14:
 113:Core/Src/main.c ****                             r2_output_state[i] = 1;
 406              		.loc 1 113 29 is_stmt 1 view .LVU128
 113:Core/Src/main.c ****                             r2_output_state[i] = 1;
 407              		.loc 1 113 50 is_stmt 0 view .LVU129
 408 01a8 1C4A     		ldr	r2, .L25+12
 409 01aa 42F82350 		str	r5, [r2, r3, lsl #2]
 114:Core/Src/main.c ****                             mode2_freq_index[i] = 0;
 410              		.loc 1 114 29 is_stmt 1 view .LVU130
 114:Core/Src/main.c ****                             mode2_freq_index[i] = 0;
 411              		.loc 1 114 48 is_stmt 0 view .LVU131
 412 01ae 204A     		ldr	r2, .L25+32
 413 01b0 0121     		movs	r1, #1
 414 01b2 D154     		strb	r1, [r2, r3]
 115:Core/Src/main.c ****                         }
 415              		.loc 1 115 29 is_stmt 1 view .LVU132
 115:Core/Src/main.c ****                         }
 416              		.loc 1 115 49 is_stmt 0 view .LVU133
 417 01b4 1F4A     		ldr	r2, .L25+36
 418 01b6 0021     		movs	r1, #0
 419 01b8 D154     		strb	r1, [r2, r3]
 112:Core/Src/main.c ****                             r2_last_toggle_ms[i] = now;
 420              		.loc 1 112 46 is_stmt 1 discriminator 3 view .LVU134
 421 01ba 0133     		adds	r3, r3, #1
 422              	.LVL32:
 112:Core/Src/main.c ****                             r2_last_toggle_ms[i] = now;
 423              		.loc 1 112 46 is_stmt 0 discriminator 3 view .LVU135
 424 01bc DBB2     		uxtb	r3, r3
 425              	.LVL33:
 426              	.L13:
ARM GAS  C:\Users\ilyak\AppData\Local\Temp\ccSZIWCi.s 			page 12


 112:Core/Src/main.c ****                             r2_last_toggle_ms[i] = now;
 427              		.loc 1 112 42 is_stmt 1 discriminator 1 view .LVU136
 428 01be 052B     		cmp	r3, #5
 429 01c0 F2D9     		bls	.L14
 430 01c2 94E7     		b	.L12
 431              	.LVL34:
 432              	.L16:
 112:Core/Src/main.c ****                             r2_last_toggle_ms[i] = now;
 433              		.loc 1 112 42 is_stmt 0 discriminator 1 view .LVU137
 434              	.LBE6:
 435              	.LBB7:
 436              	.LBB8:
 137:Core/Src/main.c ****                             r2_output_state[i] = 1;
 437              		.loc 1 137 29 is_stmt 1 view .LVU138
 438 01c4 2046     		mov	r0, r4
 439 01c6 FFF7FEFF 		bl	LED_On_Index
 440              	.LVL35:
 138:Core/Src/main.c ****                         }
 441              		.loc 1 138 29 view .LVU139
 138:Core/Src/main.c ****                         }
 442              		.loc 1 138 48 is_stmt 0 view .LVU140
 443 01ca 194B     		ldr	r3, .L25+32
 444 01cc 0122     		movs	r2, #1
 445 01ce 1A55     		strb	r2, [r3, r4]
 446              	.L15:
 447              	.LBE8:
 123:Core/Src/main.c ****                 {
 448              		.loc 1 123 45 is_stmt 1 discriminator 2 view .LVU141
 449 01d0 0134     		adds	r4, r4, #1
 450              	.LVL36:
 123:Core/Src/main.c ****                 {
 451              		.loc 1 123 45 is_stmt 0 discriminator 2 view .LVU142
 452 01d2 E4B2     		uxtb	r4, r4
 453              	.LVL37:
 454              	.L11:
 123:Core/Src/main.c ****                 {
 455              		.loc 1 123 39 is_stmt 1 discriminator 1 view .LVU143
 456 01d4 052C     		cmp	r4, #5
 457 01d6 8AD8     		bhi	.L12
 458              	.LBB9:
 125:Core/Src/main.c ****                     // –í—Ä–µ–º—è –¥–ª—è –ø–µ—Ä–µ–∫–ª—é—á–µ–Ω–∏—è —Å–æ—Å—Ç–æ—è–Ω–∏—è?
 459              		.loc 1 125 21 view .LVU144
 125:Core/Src/main.c ****                     // –í—Ä–µ–º—è –¥–ª—è –ø–µ—Ä–µ–∫–ª—é—á–µ–Ω–∏—è —Å–æ—Å—Ç–æ—è–Ω–∏—è?
 460              		.loc 1 125 71 is_stmt 0 view .LVU145
 461 01d8 164B     		ldr	r3, .L25+36
 462 01da 1A5D     		ldrb	r2, [r3, r4]	@ zero_extendqisi2
 125:Core/Src/main.c ****                     // –í—Ä–µ–º—è –¥–ª—è –ø–µ—Ä–µ–∫–ª—é—á–µ–Ω–∏—è —Å–æ—Å—Ç–æ—è–Ω–∏—è?
 463              		.loc 1 125 30 view .LVU146
 464 01dc 1C4B     		ldr	r3, .L25+64
 465 01de 53F82220 		ldr	r2, [r3, r2, lsl #2]
 466              	.LVL38:
 127:Core/Src/main.c ****                     {
 467              		.loc 1 127 21 is_stmt 1 view .LVU147
 127:Core/Src/main.c ****                     {
 468              		.loc 1 127 48 is_stmt 0 view .LVU148
 469 01e2 0E4B     		ldr	r3, .L25+12
 470 01e4 53F82430 		ldr	r3, [r3, r4, lsl #2]
ARM GAS  C:\Users\ilyak\AppData\Local\Temp\ccSZIWCi.s 			page 13


 127:Core/Src/main.c ****                     {
 471              		.loc 1 127 29 view .LVU149
 472 01e8 EB1A     		subs	r3, r5, r3
 127:Core/Src/main.c ****                     {
 473              		.loc 1 127 24 view .LVU150
 474 01ea 9342     		cmp	r3, r2
 475 01ec F0D3     		bcc	.L15
 129:Core/Src/main.c ****                         if (r2_output_state[i])
 476              		.loc 1 129 25 is_stmt 1 view .LVU151
 129:Core/Src/main.c ****                         if (r2_output_state[i])
 477              		.loc 1 129 46 is_stmt 0 view .LVU152
 478 01ee 0B4B     		ldr	r3, .L25+12
 479 01f0 43F82450 		str	r5, [r3, r4, lsl #2]
 130:Core/Src/main.c ****                         {
 480              		.loc 1 130 25 is_stmt 1 view .LVU153
 130:Core/Src/main.c ****                         {
 481              		.loc 1 130 44 is_stmt 0 view .LVU154
 482 01f4 0E4B     		ldr	r3, .L25+32
 483 01f6 1B5D     		ldrb	r3, [r3, r4]	@ zero_extendqisi2
 130:Core/Src/main.c ****                         {
 484              		.loc 1 130 28 view .LVU155
 485 01f8 002B     		cmp	r3, #0
 486 01fa E3D0     		beq	.L16
 132:Core/Src/main.c ****                             r2_output_state[i] = 0;
 487              		.loc 1 132 29 is_stmt 1 view .LVU156
 488 01fc 2046     		mov	r0, r4
 489 01fe FFF7FEFF 		bl	LED_Off_Index
 490              	.LVL39:
 133:Core/Src/main.c ****                         }
 491              		.loc 1 133 29 view .LVU157
 133:Core/Src/main.c ****                         }
 492              		.loc 1 133 48 is_stmt 0 view .LVU158
 493 0202 0B4B     		ldr	r3, .L25+32
 494 0204 0022     		movs	r2, #0
 495 0206 1A55     		strb	r2, [r3, r4]
 496 0208 E2E7     		b	.L15
 497              	.LVL40:
 498              	.L19:
 133:Core/Src/main.c ****                         }
 499              		.loc 1 133 48 view .LVU159
 500              	.LBE9:
 123:Core/Src/main.c ****                 {
 501              		.loc 1 123 30 view .LVU160
 502 020a 0024     		movs	r4, #0
 503 020c E2E7     		b	.L11
 504              	.L26:
 505 020e 00BF     		.align	2
 506              	.L25:
 507 0210 00000000 		.word	system_time_ms
 508 0214 00000000 		.word	r1_last_switch_ms
 509 0218 00000000 		.word	r2_last_dwell_ms
 510 021c 00000000 		.word	r2_last_toggle_ms
 511 0220 00000000 		.word	r1_active_led
 512 0224 00000000 		.word	button1_pressed_flag
 513 0228 00000000 		.word	current_mode
 514 022c 00000000 		.word	r2_num_on
 515 0230 00000000 		.word	r2_output_state
ARM GAS  C:\Users\ilyak\AppData\Local\Temp\ccSZIWCi.s 			page 14


 516 0234 00000000 		.word	mode2_freq_index
 517 0238 00000000 		.word	r2_selected_led
 518 023c ABAAAAAA 		.word	-1431655765
 519 0240 00000000 		.word	button2_press_event_flag
 520 0244 00000000 		.word	button3_press_event_flag
 521 0248 00000000 		.word	mode1_freq_index
 522 024c 00000000 		.word	mode1_periods_ms
 523 0250 00000000 		.word	led_toggle_ms
 524              	.LBE7:
 525              	.LBE11:
 526              		.cfi_endproc
 527              	.LFE130:
 529              		.section	.bss.r2_selected_led,"aw",%nobits
 532              	r2_selected_led:
 533 0000 00       		.space	1
 534              		.section	.data.r2_output_state,"aw"
 535              		.align	2
 538              	r2_output_state:
 539 0000 01010101 		.ascii	"\001\001\001\001\001\001"
 539      0101
 540              		.section	.bss.r2_last_toggle_ms,"aw",%nobits
 541              		.align	2
 544              	r2_last_toggle_ms:
 545 0000 00000000 		.space	24
 545      00000000 
 545      00000000 
 545      00000000 
 545      00000000 
 546              		.section	.bss.r2_last_dwell_ms,"aw",%nobits
 547              		.align	2
 550              	r2_last_dwell_ms:
 551 0000 00000000 		.space	4
 552              		.section	.bss.r2_num_on,"aw",%nobits
 555              	r2_num_on:
 556 0000 00       		.space	1
 557              		.section	.bss.r1_last_switch_ms,"aw",%nobits
 558              		.align	2
 561              	r1_last_switch_ms:
 562 0000 00000000 		.space	4
 563              		.section	.bss.r1_active_led,"aw",%nobits
 566              	r1_active_led:
 567 0000 00       		.space	1
 568              		.section	.bss.mode2_freq_index,"aw",%nobits
 569              		.align	2
 572              	mode2_freq_index:
 573 0000 00000000 		.space	6
 573      0000
 574              		.section	.bss.mode1_freq_index,"aw",%nobits
 577              	mode1_freq_index:
 578 0000 00       		.space	1
 579              		.section	.rodata.led_toggle_ms,"a"
 580              		.align	2
 583              	led_toggle_ms:
 584 0000 C4090000 		.word	2500
 585 0004 2B020000 		.word	555
 586 0008 4D010000 		.word	333
 587              		.section	.rodata.mode1_periods_ms,"a"
ARM GAS  C:\Users\ilyak\AppData\Local\Temp\ccSZIWCi.s 			page 15


 588              		.align	2
 591              	mode1_periods_ms:
 592 0000 82060000 		.word	1666
 593 0004 01030000 		.word	769
 594 0008 A0010000 		.word	416
 595              		.section	.bss.current_mode,"aw",%nobits
 598              	current_mode:
 599 0000 00       		.space	1
 600              		.text
 601              	.Letext0:
 602              		.file 2 "D:/Tools/SysGCC/arm-none-eabi/include/machine/_default_types.h"
 603              		.file 3 "D:/Tools/SysGCC/arm-none-eabi/include/sys/_stdint.h"
 604              		.file 4 "Core/Inc/interupt.h"
 605              		.file 5 "Core/Inc/main.h"
ARM GAS  C:\Users\ilyak\AppData\Local\Temp\ccSZIWCi.s 			page 16


DEFINED SYMBOLS
                            *ABS*:00000000 main.c
C:\Users\ilyak\AppData\Local\Temp\ccSZIWCi.s:21     .text.main:00000000 $t
C:\Users\ilyak\AppData\Local\Temp\ccSZIWCi.s:27     .text.main:00000000 main
C:\Users\ilyak\AppData\Local\Temp\ccSZIWCi.s:507    .text.main:00000210 $d
C:\Users\ilyak\AppData\Local\Temp\ccSZIWCi.s:561    .bss.r1_last_switch_ms:00000000 r1_last_switch_ms
C:\Users\ilyak\AppData\Local\Temp\ccSZIWCi.s:550    .bss.r2_last_dwell_ms:00000000 r2_last_dwell_ms
C:\Users\ilyak\AppData\Local\Temp\ccSZIWCi.s:544    .bss.r2_last_toggle_ms:00000000 r2_last_toggle_ms
C:\Users\ilyak\AppData\Local\Temp\ccSZIWCi.s:566    .bss.r1_active_led:00000000 r1_active_led
C:\Users\ilyak\AppData\Local\Temp\ccSZIWCi.s:598    .bss.current_mode:00000000 current_mode
C:\Users\ilyak\AppData\Local\Temp\ccSZIWCi.s:555    .bss.r2_num_on:00000000 r2_num_on
C:\Users\ilyak\AppData\Local\Temp\ccSZIWCi.s:538    .data.r2_output_state:00000000 r2_output_state
C:\Users\ilyak\AppData\Local\Temp\ccSZIWCi.s:572    .bss.mode2_freq_index:00000000 mode2_freq_index
C:\Users\ilyak\AppData\Local\Temp\ccSZIWCi.s:532    .bss.r2_selected_led:00000000 r2_selected_led
C:\Users\ilyak\AppData\Local\Temp\ccSZIWCi.s:577    .bss.mode1_freq_index:00000000 mode1_freq_index
C:\Users\ilyak\AppData\Local\Temp\ccSZIWCi.s:591    .rodata.mode1_periods_ms:00000000 mode1_periods_ms
C:\Users\ilyak\AppData\Local\Temp\ccSZIWCi.s:583    .rodata.led_toggle_ms:00000000 led_toggle_ms
C:\Users\ilyak\AppData\Local\Temp\ccSZIWCi.s:533    .bss.r2_selected_led:00000000 $d
C:\Users\ilyak\AppData\Local\Temp\ccSZIWCi.s:535    .data.r2_output_state:00000000 $d
C:\Users\ilyak\AppData\Local\Temp\ccSZIWCi.s:541    .bss.r2_last_toggle_ms:00000000 $d
C:\Users\ilyak\AppData\Local\Temp\ccSZIWCi.s:547    .bss.r2_last_dwell_ms:00000000 $d
C:\Users\ilyak\AppData\Local\Temp\ccSZIWCi.s:556    .bss.r2_num_on:00000000 $d
C:\Users\ilyak\AppData\Local\Temp\ccSZIWCi.s:558    .bss.r1_last_switch_ms:00000000 $d
C:\Users\ilyak\AppData\Local\Temp\ccSZIWCi.s:567    .bss.r1_active_led:00000000 $d
C:\Users\ilyak\AppData\Local\Temp\ccSZIWCi.s:569    .bss.mode2_freq_index:00000000 $d
C:\Users\ilyak\AppData\Local\Temp\ccSZIWCi.s:578    .bss.mode1_freq_index:00000000 $d
C:\Users\ilyak\AppData\Local\Temp\ccSZIWCi.s:580    .rodata.led_toggle_ms:00000000 $d
C:\Users\ilyak\AppData\Local\Temp\ccSZIWCi.s:588    .rodata.mode1_periods_ms:00000000 $d
C:\Users\ilyak\AppData\Local\Temp\ccSZIWCi.s:599    .bss.current_mode:00000000 $d

UNDEFINED SYMBOLS
GPIO_init_CMSIS
SysTick_Init
ITR_INIT
RCC_INIT
LED_AllOff
LED_SetActive
LED_On_Index
LED_Off_Index
system_time_ms
button1_pressed_flag
button2_press_event_flag
button3_press_event_flag
